0 info it worked if it ends with ok
1 verbose cli [ '/usr/local/bin/node', '/usr/local/bin/npm', 'test' ]
2 info using npm@1.1.30
3 info using node@v0.8.0
4 verbose config file /Users/tanepiper/.npmrc
5 verbose config file /usr/local/etc/npmrc
6 verbose config file /usr/local/lib/node_modules/npm/npmrc
7 verbose read json /Users/tanepiper/work/tweetifies/package.json
8 verbose run-script [ 'pretest', 'test', 'posttest' ]
9 info pretest Tweetifies@0.6.0
10 info test Tweetifies@0.6.0
11 verbose unsafe-perm in lifecycle true
12 silly exec sh "-c" "mocha"
13 silly sh,-c,mocha,/Users/tanepiper/work/tweetifies spawning
14 info Tweetifies@0.6.0 Failed to exec test script
15 error Tweetifies@0.6.0 test: `mocha`
15 error `sh "-c" "mocha"` failed with 1
16 error Failed at the Tweetifies@0.6.0 test script.
16 error This is most likely a problem with the Tweetifies package,
16 error not with npm itself.
16 error Tell the author that this fails on your system:
16 error     mocha
16 error You can get their info via:
16 error     npm owner ls Tweetifies
16 error There is likely additional logging output above.
17 error System Darwin 11.4.0
18 error command "/usr/local/bin/node" "/usr/local/bin/npm" "test"
19 error cwd /Users/tanepiper/work/tweetifies
20 error node -v v0.8.0
21 error npm -v 1.1.30
22 error code ELIFECYCLE
23 error message Tweetifies@0.6.0 test: `mocha`
23 error message `sh "-c" "mocha"` failed with 1
24 verbose exit [ 1, true ]
